<?xml version="1.0" encoding="UTF-8"?>
<!-- Generated by org.testng.reporters.JUnitXMLReporter -->
<testsuite ignored="0" hostname="POOLW42SLPC4634" failures="1" tests="1" name="NOP_Commerce_TestCase" time="30.466" errors="0" timestamp="17 Nov 2022 07:22:14 GMT">
  <testcase classname="TestCase.NOP_Commerce_TestCase" name="Valid_Data" time="0.013">
    <failure type="org.json.JSONException" message="JSONObject[&amp;quot;expctedResult&amp;quot;] not found.">
      <![CDATA[org.json.JSONException: JSONObject["expctedResult"] not found.
at org.json.JSONObject.get(JSONObject.java:471)
at org.json.JSONObject.getString(JSONObject.java:717)
at TestCase.NOP_Commerce_TestCase.Valid_Data(NOP_Commerce_TestCase.java:84)
... Removed 23 stack frames]]>
    </failure>
  </testcase> <!-- Valid_Data -->
</testsuite> <!-- NOP_Commerce_TestCase -->
