<?xml version="1.0" encoding="UTF-8"?>
<testng-results ignored="0" total="1" passed="0" failed="1" skipped="0">
  <reporter-output>
  </reporter-output>
  <suite started-at="2022-11-17T07:21:44Z" name="Register" finished-at="2022-11-17T07:22:14Z" duration-ms="30466">
    <groups>
    </groups>
    <test started-at="2022-11-17T07:21:44Z" name="NOP_Commerce_TestCase" finished-at="2022-11-17T07:22:14Z" duration-ms="30466">
      <class name="TestCase.NOP_Commerce_TestCase">
        <test-method is-config="true" signature="beforeClass()[pri:0, instance:TestCase.NOP_Commerce_TestCase@6fd83fc1]" started-at="2022-11-17T07:21:44Z" name="beforeClass" finished-at="2022-11-17T07:21:45Z" duration-ms="594" status="PASS">
          <reporter-output>
          </reporter-output>
        </test-method> <!-- beforeClass -->
        <test-method is-config="true" signature="setup(java.lang.String, java.lang.String)[pri:0, instance:TestCase.NOP_Commerce_TestCase@6fd83fc1]" started-at="2022-11-17T07:21:45Z" name="setup" finished-at="2022-11-17T07:22:14Z" duration-ms="29817" status="PASS">
          <params>
            <param index="0">
              <value>
                <![CDATA[chrome]]>
              </value>
            </param>
            <param index="1">
              <value>
                <![CDATA[https://www.nopcommerce.com/en/register/]]>
              </value>
            </param>
          </params>
          <reporter-output>
          </reporter-output>
        </test-method> <!-- setup -->
        <test-method signature="Valid_Data()[pri:0, instance:TestCase.NOP_Commerce_TestCase@6fd83fc1]" started-at="2022-11-17T07:22:14Z" name="Valid_Data" finished-at="2022-11-17T07:22:14Z" duration-ms="13" status="FAIL">
          <exception class="org.json.JSONException">
            <message>
              <![CDATA[JSONObject["expctedResult"] not found.]]>
            </message>
            <full-stacktrace>
              <![CDATA[org.json.JSONException: JSONObject["expctedResult"] not found.
at org.json.JSONObject.get(JSONObject.java:471)
at org.json.JSONObject.getString(JSONObject.java:717)
at TestCase.NOP_Commerce_TestCase.Valid_Data(NOP_Commerce_TestCase.java:84)
at java.base/jdk.internal.reflect.DirectMethodHandleAccessor.invoke(DirectMethodHandleAccessor.java:104)
at java.base/java.lang.reflect.Method.invoke(Method.java:578)
at org.testng.internal.MethodInvocationHelper.invokeMethod(MethodInvocationHelper.java:124)
at org.testng.internal.Invoker.invokeMethod(Invoker.java:583)
at org.testng.internal.Invoker.invokeTestMethod(Invoker.java:719)
at org.testng.internal.Invoker.invokeTestMethods(Invoker.java:989)
at org.testng.internal.TestMethodWorker.invokeTestMethods(TestMethodWorker.java:125)
at org.testng.internal.TestMethodWorker.run(TestMethodWorker.java:109)
at org.testng.TestRunner.privateRun(TestRunner.java:648)
at org.testng.TestRunner.run(TestRunner.java:505)
at org.testng.SuiteRunner.runTest(SuiteRunner.java:455)
at org.testng.SuiteRunner.runSequentially(SuiteRunner.java:450)
at org.testng.SuiteRunner.privateRun(SuiteRunner.java:415)
at org.testng.SuiteRunner.run(SuiteRunner.java:364)
at org.testng.SuiteRunnerWorker.runSuite(SuiteRunnerWorker.java:52)
at org.testng.SuiteRunnerWorker.run(SuiteRunnerWorker.java:84)
at org.testng.TestNG.runSuitesSequentially(TestNG.java:1208)
at org.testng.TestNG.runSuitesLocally(TestNG.java:1137)
at org.testng.TestNG.runSuites(TestNG.java:1049)
at org.testng.TestNG.run(TestNG.java:1017)
at org.testng.remote.AbstractRemoteTestNG.run(AbstractRemoteTestNG.java:115)
at org.testng.remote.RemoteTestNG.initAndRun(RemoteTestNG.java:251)
at org.testng.remote.RemoteTestNG.main(RemoteTestNG.java:77)
]]>
            </full-stacktrace>
          </exception> <!-- org.json.JSONException -->
          <reporter-output>
          </reporter-output>
        </test-method> <!-- Valid_Data -->
        <test-method is-config="true" signature="tearDown()[pri:0, instance:TestCase.NOP_Commerce_TestCase@6fd83fc1]" started-at="2022-11-17T07:22:14Z" name="tearDown" finished-at="2022-11-17T07:22:14Z" duration-ms="0" status="PASS">
          <reporter-output>
          </reporter-output>
        </test-method> <!-- tearDown -->
        <test-method is-config="true" signature="StopRreport()[pri:0, instance:TestCase.NOP_Commerce_TestCase@6fd83fc1]" started-at="2022-11-17T07:22:14Z" name="StopRreport" finished-at="2022-11-17T07:22:14Z" duration-ms="1" status="PASS">
          <reporter-output>
          </reporter-output>
        </test-method> <!-- StopRreport -->
      </class> <!-- TestCase.NOP_Commerce_TestCase -->
    </test> <!-- NOP_Commerce_TestCase -->
  </suite> <!-- Register -->
</testng-results>
